<?xml version="1.0" encoding="UTF-8"?>
<!-- Generated by org.testng.reporters.JUnitXMLReporter -->
<testsuite hostname="LAPTOP-RM61I4RI" ignored="0" name="Default test" tests="1" failures="1" timestamp="2020-03-07T13:03:27 IST" time="17.467" errors="0">
  <testcase name="bookingsverifications" time="17.372" classname="carrentalscript.BookingsVerification">
    <failure type="org.openqa.selenium.SessionNotCreatedException" message="session not created
from chrome not reachable
  (Session info: chrome=80.0.3987.132)
Build info: version: &amp;apos;3.141.59&amp;apos;, revision: &amp;apos;e82be7d358&amp;apos;, time: &amp;apos;2018-11-14T08:17:03&amp;apos;
System info: host: &amp;apos;LAPTOP-RM61I4RI&amp;apos;, ip: &amp;apos;192.168.29.199&amp;apos;, os.name: &amp;apos;Windows 10&amp;apos;, os.arch: &amp;apos;amd64&amp;apos;, os.version: &amp;apos;10.0&amp;apos;, java.version: &amp;apos;1.8.0_241&amp;apos;
Driver info: driver.version: ChromeDriver
remote stacktrace: Backtrace:
	Ordinal0 [0x005F0C83+1707139]
	Ordinal0 [0x005568F1+1075441]
	Ordinal0 [0x004CDE72+515698]
	Ordinal0 [0x004C7CA8+490664]
	Ordinal0 [0x004C839B+492443]
	Ordinal0 [0x004C92F5+496373]
	Ordinal0 [0x004C4F05+478981]
	Ordinal0 [0x004CECA0+519328]
	Ordinal0 [0x0047CA67+182887]
	Ordinal0 [0x0047BDDD+179677]
	Ordinal0 [0x00479D4B+171339]
	Ordinal0 [0x00461D4A+73034]
	Ordinal0 [0x00462DC0+77248]
	Ordinal0 [0x00462D59+77145]
	Ordinal0 [0x0056BB67+1162087]
	GetHandleVerifier [0x0068A966+508998]
	GetHandleVerifier [0x0068A6A4+508292]
	GetHandleVerifier [0x0069F7B7+594583]
	GetHandleVerifier [0x0068B1D6+511158]
	Ordinal0 [0x0056402C+1130540]
	Ordinal0 [0x0056D4CB+1168587]
	Ordinal0 [0x0056D633+1168947]
	Ordinal0 [0x00585B35+1268533]
	BaseThreadInitThunk [0x75F66359+25]
	RtlGetAppContainerNamedObjectPath [0x77D17B74+228]
	RtlGetAppContainerNamedObjectPath [0x77D17B44+180]
">
      <![CDATA[org.openqa.selenium.SessionNotCreatedException: session not created
from chrome not reachable
  (Session info: chrome=80.0.3987.132)
Build info: version: '3.141.59', revision: 'e82be7d358', time: '2018-11-14T08:17:03'
System info: host: 'LAPTOP-RM61I4RI', ip: '192.168.29.199', os.name: 'Windows 10', os.arch: 'amd64', os.version: '10.0', java.version: '1.8.0_241'
Driver info: driver.version: ChromeDriver
remote stacktrace: Backtrace:
Ordinal0 [0x005F0C83+1707139]
Ordinal0 [0x005568F1+1075441]
Ordinal0 [0x004CDE72+515698]
Ordinal0 [0x004C7CA8+490664]
Ordinal0 [0x004C839B+492443]
Ordinal0 [0x004C92F5+496373]
Ordinal0 [0x004C4F05+478981]
Ordinal0 [0x004CECA0+519328]
Ordinal0 [0x0047CA67+182887]
Ordinal0 [0x0047BDDD+179677]
Ordinal0 [0x00479D4B+171339]
Ordinal0 [0x00461D4A+73034]
Ordinal0 [0x00462DC0+77248]
Ordinal0 [0x00462D59+77145]
Ordinal0 [0x0056BB67+1162087]
GetHandleVerifier [0x0068A966+508998]
GetHandleVerifier [0x0068A6A4+508292]
GetHandleVerifier [0x0069F7B7+594583]
GetHandleVerifier [0x0068B1D6+511158]
Ordinal0 [0x0056402C+1130540]
Ordinal0 [0x0056D4CB+1168587]
Ordinal0 [0x0056D633+1168947]
Ordinal0 [0x00585B35+1268533]
BaseThreadInitThunk [0x75F66359+25]
RtlGetAppContainerNamedObjectPath [0x77D17B74+228]
RtlGetAppContainerNamedObjectPath [0x77D17B44+180]

at sun.reflect.NativeConstructorAccessorImpl.newInstance0(Native Method)
at sun.reflect.NativeConstructorAccessorImpl.newInstance(Unknown Source)
at sun.reflect.DelegatingConstructorAccessorImpl.newInstance(Unknown Source)
at java.lang.reflect.Constructor.newInstance(Unknown Source)
at org.openqa.selenium.remote.W3CHandshakeResponse.lambda$errorHandler$0(W3CHandshakeResponse.java:62)
at org.openqa.selenium.remote.HandshakeResponse.lambda$getResponseFunction$0(HandshakeResponse.java:30)
at org.openqa.selenium.remote.ProtocolHandshake.lambda$createSession$0(ProtocolHandshake.java:126)
at java.util.stream.ReferencePipeline$3$1.accept(Unknown Source)
at java.util.Spliterators$ArraySpliterator.tryAdvance(Unknown Source)
at java.util.stream.ReferencePipeline.forEachWithCancel(Unknown Source)
at java.util.stream.AbstractPipeline.copyIntoWithCancel(Unknown Source)
at java.util.stream.AbstractPipeline.copyInto(Unknown Source)
at java.util.stream.AbstractPipeline.wrapAndCopyInto(Unknown Source)
at java.util.stream.FindOps$FindOp.evaluateSequential(Unknown Source)
at java.util.stream.AbstractPipeline.evaluate(Unknown Source)
at java.util.stream.ReferencePipeline.findFirst(Unknown Source)
at org.openqa.selenium.remote.ProtocolHandshake.createSession(ProtocolHandshake.java:128)
at org.openqa.selenium.remote.ProtocolHandshake.createSession(ProtocolHandshake.java:74)
at org.openqa.selenium.remote.HttpCommandExecutor.execute(HttpCommandExecutor.java:136)
at org.openqa.selenium.remote.service.DriverCommandExecutor.execute(DriverCommandExecutor.java:83)
at org.openqa.selenium.remote.RemoteWebDriver.execute(RemoteWebDriver.java:552)
at org.openqa.selenium.remote.RemoteWebDriver.startSession(RemoteWebDriver.java:213)
at org.openqa.selenium.remote.RemoteWebDriver.<init>(RemoteWebDriver.java:131)
at org.openqa.selenium.chrome.ChromeDriver.<init>(ChromeDriver.java:181)
at org.openqa.selenium.chrome.ChromeDriver.<init>(ChromeDriver.java:168)
at org.openqa.selenium.chrome.ChromeDriver.<init>(ChromeDriver.java:123)
at carrentalscript.BookingsVerification.bookingsverifications(BookingsVerification.java:19)
at sun.reflect.NativeMethodAccessorImpl.invoke0(Native Method)
at sun.reflect.NativeMethodAccessorImpl.invoke(Unknown Source)
at sun.reflect.DelegatingMethodAccessorImpl.invoke(Unknown Source)
at java.lang.reflect.Method.invoke(Unknown Source)
at org.testng.internal.MethodInvocationHelper.invokeMethod(MethodInvocationHelper.java:133)
at org.testng.internal.TestInvoker.invokeMethod(TestInvoker.java:584)
at org.testng.internal.TestInvoker.invokeTestMethod(TestInvoker.java:172)
at org.testng.internal.MethodRunner.runInSequence(MethodRunner.java:46)
at org.testng.internal.TestInvoker$MethodInvocationAgent.invoke(TestInvoker.java:804)
at org.testng.internal.TestInvoker.invokeTestMethods(TestInvoker.java:145)
at org.testng.internal.TestMethodWorker.invokeTestMethods(TestMethodWorker.java:146)
at org.testng.internal.TestMethodWorker.run(TestMethodWorker.java:128)
at java.util.ArrayList.forEach(Unknown Source)
at org.testng.TestRunner.privateRun(TestRunner.java:770)
at org.testng.TestRunner.run(TestRunner.java:591)
at org.testng.SuiteRunner.runTest(SuiteRunner.java:402)
at org.testng.SuiteRunner.runSequentially(SuiteRunner.java:396)
at org.testng.SuiteRunner.privateRun(SuiteRunner.java:355)
at org.testng.SuiteRunner.run(SuiteRunner.java:304)
at org.testng.SuiteRunnerWorker.runSuite(SuiteRunnerWorker.java:53)
at org.testng.SuiteRunnerWorker.run(SuiteRunnerWorker.java:96)
at org.testng.TestNG.runSuitesSequentially(TestNG.java:1180)
at org.testng.TestNG.runSuitesLocally(TestNG.java:1102)
at org.testng.TestNG.runSuites(TestNG.java:1032)
at org.testng.TestNG.run(TestNG.java:1000)
at org.testng.remote.AbstractRemoteTestNG.run(AbstractRemoteTestNG.java:115)
at org.testng.remote.RemoteTestNG.initAndRun(RemoteTestNG.java:251)
at org.testng.remote.RemoteTestNG.main(RemoteTestNG.java:77)
]]>
    </failure>
  </testcase> <!-- bookingsverifications -->
</testsuite> <!-- Default test -->
